[debug] [2025-09-29T16:52:33.729Z] ----------------------------------------------------------------------
[debug] [2025-09-29T16:52:33.731Z] Command:       /nix/store/ws50yvm6vzlzf7jzz6n7xh4szddrack1-nodejs-20.19.1/bin/node /nix/store/a3jfkfzmr1h8lmk31a8fbchkg5sp12q9-firebase-tools-14.16.0/lib/node_modules/firebase-tools/lib/bin/firebase.js deploy
[debug] [2025-09-29T16:52:33.732Z] CLI Version:   14.16.0
[debug] [2025-09-29T16:52:33.732Z] Platform:      linux
[debug] [2025-09-29T16:52:33.732Z] Node Version:  v20.19.1
[debug] [2025-09-29T16:52:33.732Z] Time:          Mon Sep 29 2025 16:52:33 GMT+0000 (Coordinated Universal Time)
[debug] [2025-09-29T16:52:33.733Z] ----------------------------------------------------------------------
[debug] 
[debug] [2025-09-29T16:52:33.735Z] >>> [apiv2][query] GET https://firebase-public.firebaseio.com/cli.json [none]
[debug] [2025-09-29T16:52:34.013Z] No OAuth tokens found
[debug] [2025-09-29T16:52:34.014Z] No OAuth tokens found
[error] Failed to fetch Firebase Project from current Studio Workspace: Unable to refresh auth: not yet authenticated.
[debug] [2025-09-29T16:52:34.019Z] > command requires scopes: ["email","openid","https://www.googleapis.com/auth/cloudplatformprojects.readonly","https://www.googleapis.com/auth/firebase","https://www.googleapis.com/auth/cloud-platform","https://www.googleapis.com/auth/userinfo.email"]
[debug] [2025-09-29T16:52:34.266Z] <<< [apiv2][status] GET https://firebase-public.firebaseio.com/cli.json 200
[debug] [2025-09-29T16:52:34.266Z] <<< [apiv2][body] GET https://firebase-public.firebaseio.com/cli.json {"cloudBuildErrorAfter":1594252800000,"cloudBuildWarnAfter":1590019200000,"defaultNode10After":1594252800000,"minVersion":"3.0.5","node8DeploysDisabledAfter":1613390400000,"node8RuntimeDisabledAfter":1615809600000,"node8WarnAfter":1600128000000}
[debug] [2025-09-29T16:53:21.546Z] ----------------------------------------------------------------------
[debug] [2025-09-29T16:53:21.548Z] Command:       /nix/store/ws50yvm6vzlzf7jzz6n7xh4szddrack1-nodejs-20.19.1/bin/node /nix/store/a3jfkfzmr1h8lmk31a8fbchkg5sp12q9-firebase-tools-14.16.0/lib/node_modules/firebase-tools/lib/bin/firebase.js deploy
[debug] [2025-09-29T16:53:21.548Z] CLI Version:   14.16.0
[debug] [2025-09-29T16:53:21.549Z] Platform:      linux
[debug] [2025-09-29T16:53:21.549Z] Node Version:  v20.19.1
[debug] [2025-09-29T16:53:21.549Z] Time:          Mon Sep 29 2025 16:53:21 GMT+0000 (Coordinated Universal Time)
[debug] [2025-09-29T16:53:21.549Z] ----------------------------------------------------------------------
[debug] 
[debug] [2025-09-29T16:53:21.802Z] No OAuth tokens found
[debug] [2025-09-29T16:53:21.803Z] No OAuth tokens found
[error] Failed to fetch Firebase Project from current Studio Workspace: Unable to refresh auth: not yet authenticated.
[debug] [2025-09-29T16:53:21.806Z] > command requires scopes: ["email","openid","https://www.googleapis.com/auth/cloudplatformprojects.readonly","https://www.googleapis.com/auth/firebase","https://www.googleapis.com/auth/cloud-platform","https://www.googleapis.com/auth/userinfo.email"]
[debug] [2025-09-29T16:53:42.694Z] Running auto auth
[debug] [2025-09-29T16:53:42.708Z] [iam] checking project mclearn-d113a for permissions ["firebase.projects.get","firebasehosting.sites.update"]
[debug] [2025-09-29T16:53:42.709Z] No OAuth tokens found
[debug] [2025-09-29T16:53:42.711Z] >>> [apiv2][query] POST https://cloudresourcemanager.googleapis.com/v1/projects/mclearn-d113a:testIamPermissions [none]
[debug] [2025-09-29T16:53:42.711Z] >>> [apiv2][(partial)header] POST https://cloudresourcemanager.googleapis.com/v1/projects/mclearn-d113a:testIamPermissions x-goog-quota-user=projects/mclearn-d113a
[debug] [2025-09-29T16:53:42.711Z] >>> [apiv2][body] POST https://cloudresourcemanager.googleapis.com/v1/projects/mclearn-d113a:testIamPermissions {"permissions":["firebase.projects.get","firebasehosting.sites.update"]}
[debug] [2025-09-29T16:53:43.583Z] <<< [apiv2][status] POST https://cloudresourcemanager.googleapis.com/v1/projects/mclearn-d113a:testIamPermissions 200
[debug] [2025-09-29T16:53:43.583Z] <<< [apiv2][body] POST https://cloudresourcemanager.googleapis.com/v1/projects/mclearn-d113a:testIamPermissions {}
[debug] [2025-09-29T16:53:43.583Z] [iam] error while checking permissions, command may fail: Authorization failed. This account is missing the following required permissions on project mclearn-d113a:

  firebase.projects.get
  firebasehosting.sites.update
[debug] [2025-09-29T16:53:43.584Z] No OAuth tokens found
[debug] [2025-09-29T16:53:43.584Z] >>> [apiv2][query] GET https://firebase.googleapis.com/v1beta1/projects/mclearn-d113a [none]
[debug] [2025-09-29T16:53:43.798Z] <<< [apiv2][status] GET https://firebase.googleapis.com/v1beta1/projects/mclearn-d113a 403
[debug] [2025-09-29T16:53:43.798Z] <<< [apiv2][body] GET https://firebase.googleapis.com/v1beta1/projects/mclearn-d113a {"error":{"code":403,"message":"The caller does not have permission","status":"PERMISSION_DENIED"}}
[debug] [2025-09-29T16:53:43.799Z] Request to https://firebase.googleapis.com/v1beta1/projects/mclearn-d113a had HTTP Error: 403, The caller does not have permission
[debug] [2025-09-29T16:53:43.800Z] FirebaseError: Request to https://firebase.googleapis.com/v1beta1/projects/mclearn-d113a had HTTP Error: 403, The caller does not have permission
    at responseToError (/nix/store/a3jfkfzmr1h8lmk31a8fbchkg5sp12q9-firebase-tools-14.16.0/lib/node_modules/firebase-tools/lib/responseToError.js:52:12)
    at RetryOperation._fn (/nix/store/a3jfkfzmr1h8lmk31a8fbchkg5sp12q9-firebase-tools-14.16.0/lib/node_modules/firebase-tools/lib/apiv2.js:312:77)
    at process.processTicksAndRejections (node:internal/process/task_queues:95:5)
[error] 
[error] Error: Failed to get Firebase project mclearn-d113a. Please make sure the project exists and your account has permission to access it.
